--------------------------------------------------------------------------------
Release 14.7 Trace  (nt64)
Copyright (c) 1995-2013 Xilinx, Inc.  All rights reserved.

C:\Xilinx\14.7\ISE_DS\ISE\bin\nt64\unwrapped\trce.exe -intstyle ise -v 3 -s 2
-n 3 -fastpaths -xml ALU.twx ALU.ncd -o ALU.twr ALU.pcf

Design file:              ALU.ncd
Physical constraint file: ALU.pcf
Device,package,speed:     xc6slx150,fgg484,C,-2 (PRODUCTION 1.23 2013-10-13)
Report level:             verbose report

Environment Variable      Effect 
--------------------      ------ 
NONE                      No environment variables were set
--------------------------------------------------------------------------------

INFO:Timing:2698 - No timing constraints found, doing default enumeration.
INFO:Timing:3412 - To improve timing, see the Timing Closure User Guide (UG612).
INFO:Timing:2752 - To get complete path coverage, use the unconstrained paths 
   option. All paths that are not constrained will be reported in the 
   unconstrained paths section(s) of the report.
INFO:Timing:3339 - The clock-to-out numbers in this timing report are based on 
   a 50 Ohm transmission line loading model.  For the details of this model, 
   and for more information on accounting for different loading conditions, 
   please see the device datasheet.



Data Sheet report:
-----------------
All values displayed in nanoseconds (ns)

Pad to Pad
---------------+---------------+---------+
Source Pad     |Destination Pad|  Delay  |
---------------+---------------+---------+
inA<0>         |ans<0>         |    9.672|
inA<0>         |ans<1>         |    9.271|
inA<0>         |ans<2>         |   10.612|
inA<0>         |ans<3>         |    9.692|
inA<1>         |ans<1>         |    8.747|
inA<1>         |ans<2>         |    9.092|
inA<1>         |ans<3>         |    9.414|
inA<2>         |ans<2>         |    9.766|
inA<2>         |ans<3>         |    9.989|
inA<3>         |ans<3>         |    9.284|
inB<0>         |ans<0>         |    9.200|
inB<0>         |ans<1>         |    8.866|
inB<0>         |ans<2>         |   10.140|
inB<0>         |ans<3>         |    9.559|
inB<1>         |ans<1>         |    8.901|
inB<1>         |ans<2>         |    9.599|
inB<1>         |ans<3>         |    9.118|
inB<2>         |ans<2>         |    9.493|
inB<2>         |ans<3>         |    9.592|
inB<3>         |ans<3>         |    8.839|
op<0>          |ans<0>         |    9.448|
op<0>          |ans<1>         |    9.184|
op<0>          |ans<2>         |   10.157|
op<0>          |ans<3>         |    9.764|
op<1>          |ans<0>         |    9.317|
op<1>          |ans<1>         |    9.558|
op<1>          |ans<2>         |    9.366|
op<1>          |ans<3>         |    9.134|
---------------+---------------+---------+


Analysis completed Sun Sep 17 20:34:05 2023 
--------------------------------------------------------------------------------

Trace Settings:
-------------------------
Trace Settings 

Peak Memory Usage: 4752 MB



