Release 14.7 - xst P.20131013 (nt64)
Copyright (c) 1995-2013 Xilinx, Inc.  All rights reserved.
--> Parameter TMPDIR set to xst/projnav.tmp


Total REAL time to Xst completion: 0.00 secs
Total CPU time to Xst completion: 0.48 secs
 
--> Parameter xsthdpdir set to xst


Total REAL time to Xst completion: 0.00 secs
Total CPU time to Xst completion: 0.48 secs
 
--> Reading design: id_fsm.prj

TABLE OF CONTENTS
  1) Synthesis Options Summary
  2) HDL Parsing
  3) HDL Elaboration
  4) HDL Synthesis
       4.1) HDL Synthesis Report
  5) Advanced HDL Synthesis
       5.1) Advanced HDL Synthesis Report
  6) Low Level Synthesis
  7) Partition Report
  8) Design Summary
       8.1) Primitive and Black Box Usage
       8.2) Device utilization summary
       8.3) Partition Resource Summary
       8.4) Timing Report
            8.4.1) Clock Information
            8.4.2) Asynchronous Control Signals Information
            8.4.3) Timing Summary
            8.4.4) Timing Details
            8.4.5) Cross Clock Domains Report


=========================================================================
*                      Synthesis Options Summary                        *
=========================================================================
---- Source Parameters
Input File Name                    : "id_fsm.prj"
Ignore Synthesis Constraint File   : NO

---- Target Parameters
Output File Name                   : "id_fsm"
Output Format                      : NGC
Target Device                      : xc6slx150-2-fgg484

---- Source Options
Top Module Name                    : id_fsm
Automatic FSM Extraction           : YES
FSM Encoding Algorithm             : Auto
Safe Implementation                : No
FSM Style                          : LUT
RAM Extraction                     : Yes
RAM Style                          : Auto
ROM Extraction                     : Yes
Shift Register Extraction          : YES
ROM Style                          : Auto
Resource Sharing                   : YES
Asynchronous To Synchronous        : NO
Shift Register Minimum Size        : 2
Use DSP Block                      : Auto
Automatic Register Balancing       : No

---- Target Options
LUT Combining                      : Auto
Reduce Control Sets                : Auto
Add IO Buffers                     : YES
Global Maximum Fanout              : 100000
Add Generic Clock Buffer(BUFG)     : 16
Register Duplication               : YES
Optimize Instantiated Primitives   : NO
Use Clock Enable                   : Auto
Use Synchronous Set                : Auto
Use Synchronous Reset              : Auto
Pack IO Registers into IOBs        : Auto
Equivalent register Removal        : YES

---- General Options
Optimization Goal                  : Speed
Optimization Effort                : 1
Power Reduction                    : NO
Keep Hierarchy                     : No
Netlist Hierarchy                  : As_Optimized
RTL Output                         : Yes
Global Optimization                : AllClockNets
Read Cores                         : YES
Write Timing Constraints           : NO
Cross Clock Analysis               : NO
Hierarchy Separator                : /
Bus Delimiter                      : <>
Case Specifier                     : Maintain
Slice Utilization Ratio            : 100
BRAM Utilization Ratio             : 100
DSP48 Utilization Ratio            : 100
Auto BRAM Packing                  : NO
Slice Utilization Ratio Delta      : 5

=========================================================================


=========================================================================
*                          HDL Parsing                                  *
=========================================================================
Analyzing Verilog file "C:\Users\Hihiczx\Documents\ISE Project\id_fsm\id_fsm.v" into library work
Parsing module <id_fsm>.

=========================================================================
*                            HDL Elaboration                            *
=========================================================================

Elaborating module <id_fsm>.
WARNING:HDLCompiler:413 - "C:\Users\Hihiczx\Documents\ISE Project\id_fsm\id_fsm.v" Line 38: Result of 32-bit expression is truncated to fit in 1-bit target.

=========================================================================
*                           HDL Synthesis                               *
=========================================================================

Synthesizing Unit <id_fsm>.
    Related source file is "C:\Users\Hihiczx\Documents\ISE Project\id_fsm\id_fsm.v".
    Found 2-bit register for signal <curr>.
    Found finite state machine <FSM_0> for signal <curr>.
    -----------------------------------------------------------------------
    | States             | 3                                              |
    | Transitions        | 10                                             |
    | Inputs             | 3                                              |
    | Outputs            | 1                                              |
    | Clock              | clk (rising_edge)                              |
    | Reset              | GND_1_o_GND_1_o_OR_4_o (positive)              |
    | Reset type         | synchronous                                    |
    | Reset State        | 01                                             |
    | Power Up State     | 00                                             |
    | Encoding           | auto                                           |
    | Implementation     | LUT                                            |
    -----------------------------------------------------------------------
    Found 8-bit comparator lessequal for signal <n0005> created at line 56
    Found 8-bit comparator lessequal for signal <n0007> created at line 56
    Found 8-bit comparator lessequal for signal <n0010> created at line 56
    Found 8-bit comparator lessequal for signal <n0012> created at line 56
    Found 8-bit comparator greater for signal <n0016> created at line 58
    Found 8-bit comparator greater for signal <n0018> created at line 58
    Summary:
	inferred   6 Comparator(s).
	inferred   1 Finite State Machine(s).
Unit <id_fsm> synthesized.

=========================================================================
HDL Synthesis Report

Macro Statistics
# Comparators                                          : 6
 8-bit comparator greater                              : 2
 8-bit comparator lessequal                            : 4
# FSMs                                                 : 1

=========================================================================

=========================================================================
*                       Advanced HDL Synthesis                          *
=========================================================================


=========================================================================
Advanced HDL Synthesis Report

Macro Statistics
# Comparators                                          : 6
 8-bit comparator greater                              : 2
 8-bit comparator lessequal                            : 4
# FSMs                                                 : 1

=========================================================================

=========================================================================
*                         Low Level Synthesis                           *
=========================================================================
Analyzing FSM <MFsm> for best encoding.
Optimizing FSM <FSM_0> on signal <curr[1:2]> with user encoding.
-------------------
 State | Encoding
-------------------
 00    | 00
 01    | 01
 10    | 10
-------------------

Optimizing unit <id_fsm> ...

Mapping all equations...
Building and optimizing final netlist ...
Found area constraint ratio of 100 (+ 5) on block id_fsm, actual ratio is 0.

Final Macro Processing ...

=========================================================================
Final Register Report

Macro Statistics
# Registers                                            : 2
 Flip-Flops                                            : 2

=========================================================================

=========================================================================
*                           Partition Report                            *
=========================================================================

Partition Implementation Status
-------------------------------

  No Partitions were found in this design.

-------------------------------

=========================================================================
*                            Design Summary                             *
=========================================================================

Top Level Output File Name         : id_fsm.ngc

Primitive and Black Box Usage:
------------------------------
# BELS                             : 4
#      LUT3                        : 1
#      LUT4                        : 1
#      LUT5                        : 1
#      LUT6                        : 1
# FlipFlops/Latches                : 2
#      FD                          : 1
#      FDR                         : 1
# Clock Buffers                    : 1
#      BUFGP                       : 1
# IO Buffers                       : 9
#      IBUF                        : 8
#      OBUF                        : 1

Device utilization summary:
---------------------------

Selected Device : 6slx150fgg484-2 


Slice Logic Utilization: 
 Number of Slice Registers:               2  out of  184304     0%  
 Number of Slice LUTs:                    4  out of  92152     0%  
    Number used as Logic:                 4  out of  92152     0%  

Slice Logic Distribution: 
 Number of LUT Flip Flop pairs used:      6
   Number with an unused Flip Flop:       4  out of      6    66%  
   Number with an unused LUT:             2  out of      6    33%  
   Number of fully used LUT-FF pairs:     0  out of      6     0%  
   Number of unique control sets:         2

IO Utilization: 
 Number of IOs:                          10
 Number of bonded IOBs:                  10  out of    338     2%  

Specific Feature Utilization:
 Number of BUFG/BUFGCTRLs:                1  out of     16     6%  

---------------------------
Partition Resource Summary:
---------------------------

  No Partitions were found in this design.

---------------------------


=========================================================================
Timing Report

NOTE: THESE TIMING NUMBERS ARE ONLY A SYNTHESIS ESTIMATE.
      FOR ACCURATE TIMING INFORMATION PLEASE REFER TO THE TRACE REPORT
      GENERATED AFTER PLACE-and-ROUTE.

Clock Information:
------------------
-----------------------------------+------------------------+-------+
Clock Signal                       | Clock buffer(FF name)  | Load  |
-----------------------------------+------------------------+-------+
clk                                | BUFGP                  | 2     |
-----------------------------------+------------------------+-------+

Asynchronous Control Signals Information:
----------------------------------------
No asynchronous control signals found in this design

Timing Summary:
---------------
Speed Grade: -2

   Minimum period: 1.639ns (Maximum Frequency: 610.128MHz)
   Minimum input arrival time before clock: 4.858ns
   Maximum output required time after clock: 4.162ns
   Maximum combinational path delay: No path found

Timing Details:
---------------
All values displayed in nanoseconds (ns)

=========================================================================
Timing constraint: Default period analysis for Clock 'clk'
  Clock period: 1.639ns (frequency: 610.128MHz)
  Total number of paths / destination ports: 2 / 1
-------------------------------------------------------------------------
Delay:               1.639ns (Levels of Logic = 1)
  Source:            curr_FSM_FFd2 (FF)
  Destination:       curr_FSM_FFd1 (FF)
  Source Clock:      clk rising
  Destination Clock: clk rising

  Data Path: curr_FSM_FFd2 to curr_FSM_FFd1
                                Gate     Net
    Cell:in->out      fanout   Delay   Delay  Logical Name (Net Name)
    ----------------------------------------  ------------
     FD:C->Q               1   0.525   0.790  curr_FSM_FFd2 (curr_FSM_FFd2)
     LUT6:I4->O            1   0.250   0.000  curr_FSM_FFd1-In (curr_FSM_FFd1-In)
     FDR:D                     0.074          curr_FSM_FFd1
    ----------------------------------------
    Total                      1.639ns (0.849ns logic, 0.790ns route)
                                       (51.8% logic, 48.2% route)

=========================================================================
Timing constraint: Default OFFSET IN BEFORE for Clock 'clk'
  Total number of paths / destination ports: 21 / 3
-------------------------------------------------------------------------
Offset:              4.858ns (Levels of Logic = 3)
  Source:            char<4> (PAD)
  Destination:       curr_FSM_FFd1 (FF)
  Destination Clock: clk rising

  Data Path: char<4> to curr_FSM_FFd1
                                Gate     Net
    Cell:in->out      fanout   Delay   Delay  Logical Name (Net Name)
    ----------------------------------------  ------------
     IBUF:I->O             2   1.328   1.156  char_4_IBUF (char_4_IBUF)
     LUT5:I0->O            1   0.254   0.682  GND_1_o_GND_1_o_OR_4_o_SW0 (N2)
     LUT3:I2->O            2   0.254   0.725  GND_1_o_GND_1_o_OR_4_o (GND_1_o_GND_1_o_OR_4_o)
     FDR:R                     0.459          curr_FSM_FFd1
    ----------------------------------------
    Total                      4.858ns (2.295ns logic, 2.563ns route)
                                       (47.2% logic, 52.8% route)

=========================================================================
Timing constraint: Default OFFSET OUT AFTER for Clock 'clk'
  Total number of paths / destination ports: 1 / 1
-------------------------------------------------------------------------
Offset:              4.162ns (Levels of Logic = 1)
  Source:            curr_FSM_FFd1 (FF)
  Destination:       out (PAD)
  Source Clock:      clk rising

  Data Path: curr_FSM_FFd1 to out
                                Gate     Net
    Cell:in->out      fanout   Delay   Delay  Logical Name (Net Name)
    ----------------------------------------  ------------
     FDR:C->Q              2   0.525   0.725  curr_FSM_FFd1 (curr_FSM_FFd1)
     OBUF:I->O                 2.912          out_OBUF (out)
    ----------------------------------------
    Total                      4.162ns (3.437ns logic, 0.725ns route)
                                       (82.6% logic, 17.4% route)

=========================================================================

Cross Clock Domains Report:
--------------------------

Clock to Setup on destination clock clk
---------------+---------+---------+---------+---------+
               | Src:Rise| Src:Fall| Src:Rise| Src:Fall|
Source Clock   |Dest:Rise|Dest:Rise|Dest:Fall|Dest:Fall|
---------------+---------+---------+---------+---------+
clk            |    1.639|         |         |         |
---------------+---------+---------+---------+---------+

=========================================================================


Total REAL time to Xst completion: 5.00 secs
Total CPU time to Xst completion: 5.02 secs
 
--> 

Total memory usage is 4501960 kilobytes

Number of errors   :    0 (   0 filtered)
Number of warnings :    1 (   0 filtered)
Number of infos    :    0 (   0 filtered)

