Release 14.7 - xst P.20131013 (nt64)
Copyright (c) 1995-2013 Xilinx, Inc.  All rights reserved.
--> Parameter TMPDIR set to xst/projnav.tmp


Total REAL time to Xst completion: 0.00 secs
Total CPU time to Xst completion: 0.41 secs
 
--> Parameter xsthdpdir set to xst


Total REAL time to Xst completion: 0.00 secs
Total CPU time to Xst completion: 0.41 secs
 
--> Reading design: alu.prj

TABLE OF CONTENTS
  1) Synthesis Options Summary
  2) HDL Parsing
  3) HDL Elaboration
  4) HDL Synthesis
       4.1) HDL Synthesis Report
  5) Advanced HDL Synthesis
       5.1) Advanced HDL Synthesis Report
  6) Low Level Synthesis
  7) Partition Report
  8) Design Summary
       8.1) Primitive and Black Box Usage
       8.2) Device utilization summary
       8.3) Partition Resource Summary
       8.4) Timing Report
            8.4.1) Clock Information
            8.4.2) Asynchronous Control Signals Information
            8.4.3) Timing Summary
            8.4.4) Timing Details
            8.4.5) Cross Clock Domains Report


=========================================================================
*                      Synthesis Options Summary                        *
=========================================================================
---- Source Parameters
Input File Name                    : "alu.prj"
Ignore Synthesis Constraint File   : NO

---- Target Parameters
Output File Name                   : "alu"
Output Format                      : NGC
Target Device                      : xc6slx150-2-fgg484

---- Source Options
Top Module Name                    : alu
Automatic FSM Extraction           : YES
FSM Encoding Algorithm             : Auto
Safe Implementation                : No
FSM Style                          : LUT
RAM Extraction                     : Yes
RAM Style                          : Auto
ROM Extraction                     : Yes
Shift Register Extraction          : YES
ROM Style                          : Auto
Resource Sharing                   : YES
Asynchronous To Synchronous        : NO
Shift Register Minimum Size        : 2
Use DSP Block                      : Auto
Automatic Register Balancing       : No

---- Target Options
LUT Combining                      : Auto
Reduce Control Sets                : Auto
Add IO Buffers                     : YES
Global Maximum Fanout              : 100000
Add Generic Clock Buffer(BUFG)     : 16
Register Duplication               : YES
Optimize Instantiated Primitives   : NO
Use Clock Enable                   : Auto
Use Synchronous Set                : Auto
Use Synchronous Reset              : Auto
Pack IO Registers into IOBs        : Auto
Equivalent register Removal        : YES

---- General Options
Optimization Goal                  : Speed
Optimization Effort                : 1
Power Reduction                    : NO
Keep Hierarchy                     : No
Netlist Hierarchy                  : As_Optimized
RTL Output                         : Yes
Global Optimization                : AllClockNets
Read Cores                         : YES
Write Timing Constraints           : NO
Cross Clock Analysis               : NO
Hierarchy Separator                : /
Bus Delimiter                      : <>
Case Specifier                     : Maintain
Slice Utilization Ratio            : 100
BRAM Utilization Ratio             : 100
DSP48 Utilization Ratio            : 100
Auto BRAM Packing                  : NO
Slice Utilization Ratio Delta      : 5

=========================================================================


=========================================================================
*                          HDL Parsing                                  *
=========================================================================
Analyzing Verilog file "C:\Users\Hihiczx\Documents\ISE Project\P1_L0_ALU\alu.v" into library work
Parsing module <alu>.

=========================================================================
*                            HDL Elaboration                            *
=========================================================================

Elaborating module <alu>.

=========================================================================
*                           HDL Synthesis                               *
=========================================================================

Synthesizing Unit <alu>.
    Related source file is "C:\Users\Hihiczx\Documents\ISE Project\P1_L0_ALU\alu.v".
    Found 32-bit subtractor for signal <A[31]_B[31]_sub_5_OUT> created at line 31.
    Found 32-bit adder for signal <A[31]_B[31]_add_2_OUT> created at line 30.
    Found 32-bit shifter arithmetic right for signal <shift> created at line 27
    Found 32-bit shifter logical right for signal <A[31]_B[31]_shift_right_10_OUT> created at line 34
    Found 32-bit 7-to-1 multiplexer for signal <C> created at line 25.
    Summary:
	inferred   2 Adder/Subtractor(s).
	inferred   3 Multiplexer(s).
	inferred   2 Combinational logic shifter(s).
Unit <alu> synthesized.

=========================================================================
HDL Synthesis Report

Macro Statistics
# Adders/Subtractors                                   : 2
 32-bit adder                                          : 1
 32-bit subtractor                                     : 1
# Multiplexers                                         : 3
 32-bit 2-to-1 multiplexer                             : 2
 32-bit 7-to-1 multiplexer                             : 1
# Logic shifters                                       : 2
 32-bit shifter arithmetic right                       : 1
 32-bit shifter logical right                          : 1

=========================================================================

=========================================================================
*                       Advanced HDL Synthesis                          *
=========================================================================


=========================================================================
Advanced HDL Synthesis Report

Macro Statistics
# Adders/Subtractors                                   : 2
 32-bit adder                                          : 1
 32-bit subtractor                                     : 1
# Multiplexers                                         : 3
 32-bit 2-to-1 multiplexer                             : 2
 32-bit 7-to-1 multiplexer                             : 1
# Logic shifters                                       : 2
 32-bit shifter arithmetic right                       : 1
 32-bit shifter logical right                          : 1

=========================================================================

=========================================================================
*                         Low Level Synthesis                           *
=========================================================================

Optimizing unit <alu> ...

Mapping all equations...
Building and optimizing final netlist ...
Found area constraint ratio of 100 (+ 5) on block alu, actual ratio is 0.

Final Macro Processing ...

=========================================================================
Final Register Report

Found no macro
=========================================================================

=========================================================================
*                           Partition Report                            *
=========================================================================

Partition Implementation Status
-------------------------------

  No Partitions were found in this design.

-------------------------------

=========================================================================
*                            Design Summary                             *
=========================================================================

Top Level Output File Name         : alu.ngc

Primitive and Black Box Usage:
------------------------------
# BELS                             : 412
#      GND                         : 1
#      LUT2                        : 70
#      LUT3                        : 28
#      LUT4                        : 7
#      LUT5                        : 38
#      LUT6                        : 136
#      MUXCY                       : 62
#      MUXF7                       : 5
#      VCC                         : 1
#      XORCY                       : 64
# IO Buffers                       : 99
#      IBUF                        : 67
#      OBUF                        : 32

Device utilization summary:
---------------------------

Selected Device : 6slx150fgg484-2 


Slice Logic Utilization: 
 Number of Slice LUTs:                  279  out of  92152     0%  
    Number used as Logic:               279  out of  92152     0%  

Slice Logic Distribution: 
 Number of LUT Flip Flop pairs used:    279
   Number with an unused Flip Flop:     279  out of    279   100%  
   Number with an unused LUT:             0  out of    279     0%  
   Number of fully used LUT-FF pairs:     0  out of    279     0%  
   Number of unique control sets:         0

IO Utilization: 
 Number of IOs:                          99
 Number of bonded IOBs:                  99  out of    338    29%  

Specific Feature Utilization:

---------------------------
Partition Resource Summary:
---------------------------

  No Partitions were found in this design.

---------------------------


=========================================================================
Timing Report

NOTE: THESE TIMING NUMBERS ARE ONLY A SYNTHESIS ESTIMATE.
      FOR ACCURATE TIMING INFORMATION PLEASE REFER TO THE TRACE REPORT
      GENERATED AFTER PLACE-and-ROUTE.

Clock Information:
------------------
No clock signals found in this design

Asynchronous Control Signals Information:
----------------------------------------
No asynchronous control signals found in this design

Timing Summary:
---------------
Speed Grade: -2

   Minimum period: No path found
   Minimum input arrival time before clock: No path found
   Maximum output required time after clock: No path found
   Maximum combinational path delay: 13.403ns

Timing Details:
---------------
All values displayed in nanoseconds (ns)

=========================================================================
Timing constraint: Default path analysis
  Total number of paths / destination ports: 7063 / 32
-------------------------------------------------------------------------
Delay:               13.403ns (Levels of Logic = 8)
  Source:            B<16> (PAD)
  Destination:       C<20> (PAD)

  Data Path: B<16> to C<20>
                                Gate     Net
    Cell:in->out      fanout   Delay   Delay  Logical Name (Net Name)
    ----------------------------------------  ------------
     IBUF:I->O             4   1.328   1.259  B_16_IBUF (B_16_IBUF)
     LUT6:I0->O            1   0.254   0.910  out3 (out2)
     LUT3:I0->O            1   0.235   0.682  out7_SW0 (N20)
     LUT6:I5->O           58   0.254   2.338  out7 (_n0034)
     LUT6:I0->O            2   0.254   1.002  Mmux_C1321 (Mmux_C1321)
     LUT4:I0->O            1   0.254   0.790  Mmux_C1323 (Mmux_C132)
     LUT6:I4->O            1   0.250   0.681  Mmux_C13 (C_20_OBUF)
     OBUF:I->O                 2.912          C_20_OBUF (C<20>)
    ----------------------------------------
    Total                     13.403ns (5.741ns logic, 7.662ns route)
                                       (42.8% logic, 57.2% route)

=========================================================================

Cross Clock Domains Report:
--------------------------

=========================================================================


Total REAL time to Xst completion: 7.00 secs
Total CPU time to Xst completion: 6.79 secs
 
--> 

Total memory usage is 4502032 kilobytes

Number of errors   :    0 (   0 filtered)
Number of warnings :    0 (   0 filtered)
Number of infos    :    0 (   0 filtered)

