ISim log file
Running: C:\Users\Hihiczx\Documents\ISE Project\P6\mips_txt_isim_beh.exe -intstyle ise -gui -tclbatch isim.cmd -wdb C:/Users/Hihiczx/Documents/ISE Project/P6/mips_txt_isim_beh.wdb 
ISim P.20131013 (signature 0x7708f090)
----------------------------------------------------------------------
WARNING:Security:42 - Your software subscription period has lapsed. Your current version of Xilinx tools will continue to function, but you no longer qualify for Xilinx software updates or new releases.


----------------------------------------------------------------------
This is a Full version of ISim.
Time resolution is 1 ps
# onerror resume
# wave add /
# run 1000 ns
Simulator is doing circuit initialization process.
Finished circuit initialization process.
                  42@00003004: $ 1 <= 0000123a
                  46@00003008: $ 2 <= 000025fb
                  50@0000300c: $ 3 <= 0000220d
                  54@00003010: $ 4 <= 00000930
                  58@00003014: $ 5 <= 00001566
                  62@00003018: $ 6 <= 000021cd
                  66@0000301c: $ 7 <= 00000ebc
                  70@00003020: $ 8 <= 00001ea8
                  74@00003024: $ 9 <= 00001278
                  78@00003028: $10 <= 00001e24
                  82@0000302c: $11 <= 00000e6e
                  86@00003030: $12 <= 000005e2
                  90@00003034: $13 <= 00002134
                  94@00003038: $14 <= 000023ab
                  98@0000303c: $15 <= 0000145f
                 102@00003040: $16 <= 00002042
                 106@00003044: $17 <= 00001e1c
                 110@00003048: $18 <= 00001f59
                 114@0000304c: $19 <= 00001098
                 118@00003050: $20 <= 00001466
                 122@00003054: $21 <= 0000072a
                 126@00003058: $22 <= 0000038f
                 130@0000305c: $23 <= 000024f0
                 134@00003060: $24 <= 00000b08
                 138@00003064: $25 <= 00001f60
                 142@00003068: $26 <= 000019f6
                 146@0000306c: $27 <= 000023e9
                 150@00003070: $28 <= 00000f36
                 154@00003074: $29 <= 00001796
                 158@00003078: $30 <= 0000105e
                 162@0000307c: $31 <= 0000021b
                 166@00003080: $17 <= 000023cd
                 174@00003088: $25 <= 000063ff
                 182@00003090: $13 <= 0000c7fe
                 194@0000309c: $14 <= 0000dffe
                 202@000030a4: $ 8 <= 0000fffe
                 210@000030ac: $ 8 <= 00000000
                 214@000030b0: $14 <= 0000169f
                 218@000030b4: $ 4 <= 00000000
                 226@000030bc: $24 <= 0000017a
                 230@000030c0: $26 <= 00000000
                 238@000030c8: $16 <= 00000000
                 246@000030d0: $21 <= 00000000
                 250@000030d4: $ 8 <= 00000000
                 254@000030d8: $22 <= 000003d4
                 262@000030e0: $13 <= 000067ff
                 266@000030e4: $17 <= 000077ff
                 270@000030e8: $26 <= 000001cf
                 282@000030f4: $25 <= 000063ff
                 286@000030f8: $ 8 <= 00000000
                 294@00003100: $ 8 <= 000047b4
                 302@00003108: $15 <= 0000e7b7
                 366@0000311c: $ 3 <= 0000bfdb
                 374@00003124: $16 <= 0000bff5
                 378@00003128: $ 3 <= 0000ffdf
                 382@0000312c: $13 <= 00000000
                 386@00003130: $12 <= 0000dfcb
                 394@00003138: $ 3 <= 0000ffdf
                 402@00003140: $18 <= 0000ffff
                 406@00003144: $ 5 <= 0000ffff
                 410@00003148: $23 <= 03900000
                 418@00003150: $11 <= 0001fffe
                 422@00003154: $ 7 <= 0001fffe
                 426@00003158: $ 6 <= 0001fffe
                 430@0000315c: $10 <= 0001fffe
                 434@00003160: $19 <= 000017df
                 442@00003168: $31 <= 0001fffe
                 446@0000316c: $ 3 <= 007a0000
                 450@00003170: $28 <= 0001fffe
                 462@0000317c: $12 <= 0001fffe
                 466@00003180: $ 3 <= 0003fffc
                 474@00003188: $ 3 <= 0003fffc
                 478@0000318c: $14 <= 00000000
                 486@00003194: $22 <= 00000000
                 494@0000319c: $21 <= 000088b0
                 502@000031a4: $11 <= 00009efe
                 506@000031a8: $ 6 <= 0000133a
                 510@000031ac: $ 2 <= 00000000
                 514@000031b0: $ 5 <= 00000238
                 518@000031b4: $ 2 <= 00000000
                 522@000031b8: $25 <= 00000819
                 534@000031c4: $25 <= 000001c0
                 542@000031cc: $13 <= 0002fffd
                 554@000031d8: $ 8 <= 0002ffff
                 558@000031dc: $ 8 <= 0002ffff
                 566@000031e4: $20 <= 0002ffff
                 570@000031e8: $24 <= 012c0000
                 574@000031ec: $ 5 <= 0002ffff
                 578@000031f0: $ 5 <= 00000001
                 578@000031f0: *00000000 <= 00002812
                 582@000031f4: $19 <= 0000926f
                 590@000031fc: $24 <= 0000b6ff
                 594@00003200: $19 <= 0000f6ff
                 598@00003204: $18 <= 00007b89
                 606@0000320c: $17 <= 0000ffff
                 618@00003218: $23 <= 0000ffff
                 630@00003224: $17 <= 0001fffe
                 638@0000322c: $31 <= 0001fffe
                 642@00003230: $11 <= 0001fffe
                 654@0000323c: $21 <= 00000000
                 662@00003244: $30 <= 0000bd8b
                 670@0000324c: $12 <= 0000ff8f
                 674@00003250: $13 <= 0000f7ff
                 682@00003258: $27 <= 00000172
                 686@0000325c: $12 <= 01b40000
                 690@00003260: $17 <= 0000f7ff
                 694@00003264: $16 <= 0000ffff
                 698@00003268: $16 <= 0000bfdc
                 702@0000326c: $14 <= 00017fb8
                 714@00003278: $23 <= 00017fff
                 718@0000327c: $23 <= 00017ff8
                 722@00003280: $25 <= 00000000
                 726@00003284: $26 <= 00000000
                 738@00003290: $22 <= 0000f71c
                 742@00003294: $27 <= 0000f7ff
                 750@0000329c: $26 <= 00000000
                 754@000032a0: $ 1 <= 00000001
                 758@000032a4: $28 <= 0000b2b3
                 766@000032ac: $22 <= 00000230
                 770@000032b0: $ 7 <= 0000f3f7
                 798@000032cc: $31 <= 000002f6
                 802@000032d0: $21 <= 00007ff7
                 806@000032d4: $24 <= 00000000
                 810@000032d8: $28 <= 00ee0000
                 814@000032dc: $23 <= 0000ffee
                 818@000032e0: $ 4 <= 0001ffdc
                 830@000032ec: $27 <= 0000133a
                 842@000032f8: $24 <= fff80004
                 846@000032fc: $24 <= fff80004
                 850@00003300: $31 <= fff8465f
                 854@00003304: $ 3 <= 00000000
                 862@0000330c: $23 <= 00001279
                 866@00003310: $20 <= 00000000
                 874@00003318: $24 <= 0000a1f7
                 882@00003320: $ 3 <= 000001e3
                 894@0000332c: $22 <= 00009de9
                 898@00003330: $21 <= 000002e5
                 902@00003334: $ 8 <= 00000000
                 910@0000333c: $17 <= 00008801
                 918@00003344: $15 <= 00000000
                 922@00003348: $20 <= 0000bad7
                 926@0000334c: $29 <= 000175ae
                 934@00003354: $23 <= 0001fdae
                 938@00003358: $31 <= 0000c1b5
                 946@00003360: $13 <= 0001fdae
                 950@00003364: $19 <= 00000000
                 962@00003370: $20 <= 00003150
                 966@00003374: $13 <= 000062a0
                 974@0000337c: $29 <= 000077a6
                 986@00003388: $20 <= 0000d77c
                 990@0000338c: $28 <= 01e90000
                 994@00003390: $ 6 <= 03360000
                 998@00003394: $28 <= 00000000
