ISim log file
Running: C:\Users\Hihiczx\Documents\ISE Project\P7\mips_txt_isim_beh.exe -intstyle ise -gui -tclbatch isim.cmd -wdb C:/Users/Hihiczx/Documents/ISE Project/P7/mips_txt_isim_beh.wdb 
ISim P.20131013 (signature 0x7708f090)
----------------------------------------------------------------------
WARNING:Security:42 - Your software subscription period has lapsed. Your current version of Xilinx tools will continue to function, but you no longer qualify for Xilinx software updates or new releases.


----------------------------------------------------------------------
This is a Full version of ISim.
WARNING:  For instance _CPU/_E_RegE/, width 1 of formal port reg_write_enable_in is not equal to width 32 of actual constant.
WARNING: File "C:/Users/Hihiczx/Documents/ISE Project/P7/mips.v" Line 70.  For instance uut/_Bridge/, width 5 of formal port O_m_data_byteen is not equal to width 4 of actual signal bridge_O_m_data_byteen.
Time resolution is 1 ps
# onerror resume
# wave add /
# run 1000 ns
Simulator is doing circuit initialization process.
Finished circuit initialization process.
                  42@00003004: $ 1 <= 0000fffc
                  46@00003008: $ 8 <= 7fff0000
                  50@0000300c: $ 9 <= ffff0000
                  54@00003010: $10 <= 7ffe0000
                  78@00004184: $26 <= 00000030
                  82@00004188: $26 <= 00003014
                  90@0000418c: $26 <= 00003014
                  94@00004190: $26 <= 00003018
                 118@00003018: $10 <= 80000000
                 122@0000301c: $ 9 <= 7fff0000
                 146@00004184: $26 <= 00000030
                 150@00004188: $26 <= 00003020
                 158@0000418c: $26 <= 00003020
                 162@00004190: $26 <= 00003024
                 186@00003024: $ 9 <= 7fffffff
                 190@00003028: $10 <= 7fffffef
                 214@00004184: $26 <= 00000030
                 218@00004188: $26 <= 0000302c
                 226@0000418c: $26 <= 0000302c
                 230@00004190: $26 <= 00003030
                 274@00004184: $26 <= 00000020
                 278@00004188: $26 <= 00003030
                 286@0000418c: $26 <= 00003030
                 290@00004190: $26 <= 00003034
                 314@00003034: $ 9 <= 7fff0000
                 318@00003038: $31 <= 00003040
                 322@0000303c: $31 <= 7fff3040
                 358@00004184: $26 <= 00000010
                 362@00004188: $26 <= 7fff3040
                 370@0000418c: $26 <= 00003040
                 374@00004190: $26 <= 00003044
                 402@00003048: $31 <= 00003050
                 406@0000304c: $31 <= 00003051
                 442@00004184: $26 <= 00000010
                 446@00004188: $26 <= 00003051
                 454@0000418c: $26 <= 00003050
                 458@00004190: $26 <= 00003054
                 486@00003058: $ 8 <= 00007f00
                 490@00003060: *00000000 <= 00007f00
                 490@0000305c: $10 <= 00007f20
                 498@00003064: $ 8 <= 00007f00
                 522@00004184: $26 <= 00000010
                 526@00004188: $26 <= 00003068
                 534@0000418c: $26 <= 00003068
                 538@00004190: $26 <= 0000306c
                 582@00004184: $26 <= 00000010
                 586@00004188: $26 <= 0000306c
                 594@0000418c: $26 <= 0000306c
                 598@00004190: $26 <= 00003070
                 642@00004184: $26 <= 00000010
                 646@00004188: $26 <= 00003070
                 654@0000418c: $26 <= 00003070
                 658@00004190: $26 <= 00003074
                 702@00004184: $26 <= 00000010
                 706@00004188: $26 <= 00003074
                 714@0000418c: $26 <= 00003074
                 718@00004190: $26 <= 00003078
                 762@00004184: $26 <= 00000010
                 766@00004188: $26 <= 00003078
                 774@0000418c: $26 <= 00003078
                 778@00004190: $26 <= 0000307c
                 822@00004184: $26 <= 00000010
                 826@00004188: $26 <= 0000307c
                 834@0000418c: $26 <= 0000307c
                 838@00004190: $26 <= 00003080
                 882@00004184: $26 <= 00000010
                 886@00004188: $26 <= 00003080
                 894@0000418c: $26 <= 00003080
                 898@00004190: $26 <= 00003084
                 922@00003084: $ 9 <= 00000000
                 926@00003088: $ 8 <= 00007f04
                 942@00003084: $ 9 <= 00000000
                 946@00003088: $ 8 <= 00007f08
                 962@00003084: $ 9 <= 00000000
                 966@00003088: $ 8 <= 00007f0c
# restart
# run 10.00us
Simulator is doing circuit initialization process.
Finished circuit initialization process.
                  42@00003004: $ 1 <= 0000fffc
                  46@00003008: $ 8 <= 7fff0000
                  50@0000300c: $ 9 <= ffff0000
                  54@00003010: $10 <= 7ffe0000
                  78@00004184: $26 <= 00000030
                  82@00004188: $26 <= 00003014
                  90@0000418c: $26 <= 00003014
                  94@00004190: $26 <= 00003018
                 118@00003018: $10 <= 80000000
                 122@0000301c: $ 9 <= 7fff0000
                 146@00004184: $26 <= 00000030
                 150@00004188: $26 <= 00003020
                 158@0000418c: $26 <= 00003020
                 162@00004190: $26 <= 00003024
                 186@00003024: $ 9 <= 7fffffff
                 190@00003028: $10 <= 7fffffef
                 214@00004184: $26 <= 00000030
                 218@00004188: $26 <= 0000302c
                 226@0000418c: $26 <= 0000302c
                 230@00004190: $26 <= 00003030
                 274@00004184: $26 <= 00000020
                 278@00004188: $26 <= 00003030
                 286@0000418c: $26 <= 00003030
                 290@00004190: $26 <= 00003034
                 314@00003034: $ 9 <= 7fff0000
                 318@00003038: $31 <= 00003040
                 322@0000303c: $31 <= 7fff3040
                 358@00004184: $26 <= 00000010
                 362@00004188: $26 <= 7fff3040
                 370@0000418c: $26 <= 00003040
                 374@00004190: $26 <= 00003044
                 402@00003048: $31 <= 00003050
                 406@0000304c: $31 <= 00003051
                 442@00004184: $26 <= 00000010
                 446@00004188: $26 <= 00003051
                 454@0000418c: $26 <= 00003050
                 458@00004190: $26 <= 00003054
                 486@00003058: $ 8 <= 00007f00
                 490@00003060: *00000000 <= 00007f00
                 490@0000305c: $10 <= 00007f20
                 498@00003064: $ 8 <= 00007f00
                 522@00004184: $26 <= 00000010
                 526@00004188: $26 <= 00003068
                 534@0000418c: $26 <= 00003068
                 538@00004190: $26 <= 0000306c
                 582@00004184: $26 <= 00000010
                 586@00004188: $26 <= 0000306c
                 594@0000418c: $26 <= 0000306c
                 598@00004190: $26 <= 00003070
                 642@00004184: $26 <= 00000010
                 646@00004188: $26 <= 00003070
                 654@0000418c: $26 <= 00003070
                 658@00004190: $26 <= 00003074
                 702@00004184: $26 <= 00000010
                 706@00004188: $26 <= 00003074
                 714@0000418c: $26 <= 00003074
                 718@00004190: $26 <= 00003078
                 762@00004184: $26 <= 00000010
                 766@00004188: $26 <= 00003078
                 774@0000418c: $26 <= 00003078
                 778@00004190: $26 <= 0000307c
                 822@00004184: $26 <= 00000010
                 826@00004188: $26 <= 0000307c
                 834@0000418c: $26 <= 0000307c
                 838@00004190: $26 <= 00003080
                 882@00004184: $26 <= 00000010
                 886@00004188: $26 <= 00003080
                 894@0000418c: $26 <= 00003080
                 898@00004190: $26 <= 00003084
                 922@00003084: $ 9 <= 00000000
                 926@00003088: $ 8 <= 00007f04
                 942@00003084: $ 9 <= 00000000
                 946@00003088: $ 8 <= 00007f08
                 962@00003084: $ 9 <= 00000000
                 966@00003088: $ 8 <= 00007f0c
                1002@00004184: $26 <= 00000010
                1006@00004188: $26 <= 00003084
                1014@0000418c: $26 <= 00003084
                1018@00004190: $26 <= 00003088
                1042@00003088: $ 8 <= 00007f10
                1058@00003084: $ 9 <= 00000000
                1062@00003088: $ 8 <= 00007f14
                1078@00003084: $ 9 <= 00000000
                1082@00003088: $ 8 <= 00007f18
                1098@00003084: $ 9 <= 00000000
                1102@00003088: $ 8 <= 00007f1c
                1138@00004184: $26 <= 00000010
                1142@00004188: $26 <= 00003084
                1150@0000418c: $26 <= 00003084
                1154@00004190: $26 <= 00003088
                1178@00003088: $ 8 <= 00007f20
                1194@00003094: $ 8 <= 00003000
                1218@00004184: $26 <= 00000010
                1222@00004188: $26 <= 00003098
                1230@0000418c: $26 <= 00003098
                1234@00004190: $26 <= 0000309c
                1258@0000309c: $ 8 <= 7fff0000
                1262@000030a0: $ 8 <= 7fffffff
                1286@00004184: $26 <= 00000010
                1290@00004188: $26 <= 000030a4
                1298@0000418c: $26 <= 000030a4
                1302@00004190: $26 <= 000030a8
                1346@00004184: $26 <= 00000010
                1350@00004188: $26 <= 000030a8
                1358@0000418c: $26 <= 000030a8
                1362@00004190: $26 <= 000030ac
                1406@00004184: $26 <= 00000014
                1410@00004188: $26 <= 000030ac
                1418@0000418c: $26 <= 000030ac
                1422@00004190: $26 <= 000030b0
                1466@00004184: $26 <= 00000014
                1470@00004188: $26 <= 000030b0
                1478@0000418c: $26 <= 000030b0
                1482@00004190: $26 <= 000030b4
                1526@00004184: $26 <= 00000014
                1530@00004188: $26 <= 000030b4
                1538@0000418c: $26 <= 000030b4
                1542@00004190: $26 <= 000030b8
                1562@000030b8: *00000004 <= 00000000
                1566@000030bc: *00000004 <= 00000000
                1570@000030c0: *00000004 <= 00000000
                1578@000030c4: $ 8 <= 00007f00
                1602@00004184: $26 <= 00000014
                1606@00004188: $26 <= 000030c8
                1614@0000418c: $26 <= 000030c8
                1618@00004190: $26 <= 000030cc
                1662@00004184: $26 <= 00000014
                1666@00004188: $26 <= 000030cc
                1674@0000418c: $26 <= 000030cc
                1678@00004190: $26 <= 000030d0
                1722@00004184: $26 <= 00000014
                1726@00004188: $26 <= 000030d0
                1734@0000418c: $26 <= 000030d0
                1738@00004190: $26 <= 000030d4
                1782@00004184: $26 <= 00000014
                1786@00004188: $26 <= 000030d4
                1794@0000418c: $26 <= 000030d4
                1798@00004190: $26 <= 000030d8
                1822@000030d8: $ 9 <= 00007f30
                1830@000030e0: $ 8 <= 00007f04
                1850@000030e0: $ 8 <= 00007f08
                1886@00004184: $26 <= 00000014
                1890@00004188: $26 <= 000030dc
                1898@0000418c: $26 <= 000030dc
                1902@00004190: $26 <= 000030e0
                1926@000030e0: $ 8 <= 00007f0c
                1962@00004184: $26 <= 00000014
                1966@00004188: $26 <= 000030dc
                1974@0000418c: $26 <= 000030dc
                1978@00004190: $26 <= 000030e0
                2002@000030e0: $ 8 <= 00007f10
                2022@000030e0: $ 8 <= 00007f14
                2042@000030e0: $ 8 <= 00007f18
                2078@00004184: $26 <= 00000014
                2082@00004188: $26 <= 000030dc
                2090@0000418c: $26 <= 000030dc
                2094@00004190: $26 <= 000030e0
                2118@000030e0: $ 8 <= 00007f1c
                2154@00004184: $26 <= 00000014
                2158@00004188: $26 <= 000030dc
                2166@0000418c: $26 <= 000030dc
                2170@00004190: $26 <= 000030e0
                2194@000030e0: $ 8 <= 00007f20
                2214@000030e0: $ 8 <= 00007f24
                2250@00004184: $26 <= 00000014
                2254@00004188: $26 <= 000030dc
                2262@0000418c: $26 <= 000030dc
                2266@00004190: $26 <= 000030e0
                2290@000030e0: $ 8 <= 00007f28
                2326@00004184: $26 <= 00000014
                2330@00004188: $26 <= 000030dc
                2338@0000418c: $26 <= 000030dc
                2342@00004190: $26 <= 000030e0
                2366@000030e0: $ 8 <= 00007f2c
                2402@00004184: $26 <= 00000014
                2406@00004188: $26 <= 000030dc
                2414@0000418c: $26 <= 000030dc
                2418@00004190: $26 <= 000030e0
                2442@000030e0: $ 8 <= 00007f30
                2458@000030ec: $ 8 <= 00003000
                2482@00004184: $26 <= 00000014
                2486@00004188: $26 <= 000030f0
                2494@0000418c: $26 <= 000030f0
                2498@00004190: $26 <= 000030f4
                2522@000030f4: $ 8 <= 7fff0000
                2526@000030f8: $ 8 <= 7fffffff
                2550@00004184: $26 <= 00000014
                2554@00004188: $26 <= 000030fc
                2562@0000418c: $26 <= 000030fc
                2566@00004190: $26 <= 00003100
                2610@00004184: $26 <= 00000014
                2614@00004188: $26 <= 00003100
                2622@0000418c: $26 <= 00003100
                2626@00004190: $26 <= 00003104
                2650@00003104: $ 8 <= 7fff0000
                2654@00003108: $ 9 <= 7fffffff
                2678@00004184: $26 <= 00000014
                2682@00004188: $26 <= 0000310c
                2690@0000418c: $26 <= 0000310c
                2694@00004190: $26 <= 00003110
                2738@00004184: $26 <= 00000030
                2742@00004188: $26 <= 00003110
                2750@0000418c: $26 <= 00003110
                2754@00004190: $26 <= 00003114
                2798@00004184: $26 <= 00000020
                2802@00004188: $26 <= 00003114
                2810@0000418c: $26 <= 00003114
                2814@00004190: $26 <= 00003118
                2858@00004184: $26 <= 00000014
                2862@00004188: $26 <= 00003118
                2870@0000418c: $26 <= 00003118
                2874@00004190: $26 <= 0000311c
                2918@00004184: $26 <= 00000030
                2922@00004188: $26 <= 0000311c
                2930@0000418c: $26 <= 0000311c
                2934@00004190: $26 <= 00003120
                2982@00004184: $26 <= 00000014
                2986@00004188: $26 <= 00003124
                2994@0000418c: $26 <= 00003124
                2998@00004190: $26 <= 00003128
                3022@00003128: $ 9 <= 7fffffff
                3046@00004184: $26 <= 00000020
                3050@00004188: $26 <= 0000312c
                3058@0000418c: $26 <= 0000312c
                3062@00004190: $26 <= 00003130
                3082@00003130: *00000000 <= 00000000
                3110@00004184: $26 <= 00000030
                3114@00004188: $26 <= 00003134
                3122@0000418c: $26 <= 00003134
                3126@00004190: $26 <= 00003138
                3170@00004184: $26 <= 00000020
                3174@00004188: $26 <= 00003138
                3182@0000418c: $26 <= 00003138
                3186@00004190: $26 <= 0000313c
                3210@0000313c: $ 8 <= 80000000
                3234@00004184: $26 <= 00000030
                3238@00004188: $26 <= 00003140
                3246@0000418c: $26 <= 00003140
                3250@00004190: $26 <= 00003144
